<?xml version="1.0" encoding="UTF-8"?>
<testng-results ignored="0" total="1" passed="1" failed="0" skipped="0">
  <reporter-output>
  </reporter-output>
  <suite started-at="2024-06-22T15:33:12 IST" name="Default suite" finished-at="2024-06-22T15:33:12 IST" duration-ms="45">
    <groups>
    </groups>
    <test started-at="2024-06-22T15:33:12 IST" name="Default test" finished-at="2024-06-22T15:33:12 IST" duration-ms="45">
      <class name="CoreJava.PS2">
        <test-method is-config="true" signature="beforerun()[pri:0, instance:CoreJava.PS2@383bfa16]" started-at="2024-06-22T15:33:12 IST" name="beforerun" finished-at="2024-06-22T15:33:12 IST" duration-ms="5" status="PASS">
          <reporter-output>
          </reporter-output>
        </test-method> <!-- beforerun -->
        <test-method signature="testRun()[pri:0, instance:CoreJava.PS2@383bfa16]" started-at="2024-06-22T15:33:12 IST" name="testRun" finished-at="2024-06-22T15:33:12 IST" duration-ms="8" status="PASS">
          <reporter-output>
          </reporter-output>
        </test-method> <!-- testRun -->
        <test-method is-config="true" signature="afterrun()[pri:0, instance:CoreJava.PS2@383bfa16]" started-at="2024-06-22T15:33:12 IST" name="afterrun" finished-at="2024-06-22T15:33:12 IST" duration-ms="1" status="PASS">
          <reporter-output>
          </reporter-output>
        </test-method> <!-- afterrun -->
      </class> <!-- CoreJava.PS2 -->
    </test> <!-- Default test -->
  </suite> <!-- Default suite -->
</testng-results>
